<?xml version="1.0" encoding="UTF-8"?>
<!-- Generated by org.testng.reporters.JUnitXMLReporter -->
<testsuite ignored="2" hostname="DESKTOP-BSK2UD6" failures="3" tests="4" name="Regression Tests" time="0.064" errors="0" timestamp="2025-09-01T14:12:47 IST">
  <testcase classname="com.saucedemo.stepdefinitions.LoginSteps" name="error_message_should_be_shown" time="0.0">
    <failure type="org.testng.TestNGException" message="
Cannot inject @Test annotated Method [error_message_should_be_shown] with [class java.lang.String].
For more information on native dependency injection please refer to https://testng.org/#_dependency_injection">
      <![CDATA[org.testng.TestNGException: 
Cannot inject @Test annotated Method [error_message_should_be_shown] with [class java.lang.String].
For more information on native dependency injection please refer to https://testng.org/#_dependency_injection
at java.base/java.util.ArrayList.forEach(ArrayList.java:1596)
... Removed 26 stack frames]]>
    </failure>
  </testcase> <!-- error_message_should_be_shown -->
  <testcase classname="com.saucedemo.stepdefinitions.LoginSteps" name="logo_should_be_displayed" time="0.01">
    <failure type="java.lang.NullPointerException" message="Cannot invoke &amp;quot;com.saucedemo.pages.LoginPage.isLogoDisplayed()&amp;quot; because &amp;quot;this.loginPage&amp;quot; is null">
      <![CDATA[java.lang.NullPointerException: Cannot invoke "com.saucedemo.pages.LoginPage.isLogoDisplayed()" because "this.loginPage" is null
at com.saucedemo.stepdefinitions.LoginSteps.logo_should_be_displayed(LoginSteps.java:32)
at java.base/java.util.ArrayList.forEach(ArrayList.java:1596)
... Removed 25 stack frames]]>
    </failure>
  </testcase> <!-- logo_should_be_displayed -->
  <testcase classname="com.saucedemo.stepdefinitions.LoginSteps" name="user_enters_and" time="0.0">
    <failure type="org.testng.TestNGException" message="
Cannot inject @Test annotated Method [user_enters_and] with [class java.lang.String, class java.lang.String].
For more information on native dependency injection please refer to https://testng.org/#_dependency_injection">
      <![CDATA[org.testng.TestNGException: 
Cannot inject @Test annotated Method [user_enters_and] with [class java.lang.String, class java.lang.String].
For more information on native dependency injection please refer to https://testng.org/#_dependency_injection
at java.base/java.util.ArrayList.forEach(ArrayList.java:1596)
... Removed 26 stack frames]]>
    </failure>
  </testcase> <!-- user_enters_and -->
  <testcase classname="com.saucedemo.stepdefinitions.LoginSteps" name="user_is_on_login_page" time="0.006"/>
  <testcase classname="com.saucedemo.stepdefinitions.LoginSteps" name="login_page_title_should_be" time="0.0">
    <ignored/>
  </testcase> <!-- login_page_title_should_be -->
  <testcase classname="com.saucedemo.stepdefinitions.LoginSteps" name="inventory_page_should_be_displayed" time="0.0">
    <ignored/>
  </testcase> <!-- inventory_page_should_be_displayed -->
</testsuite> <!-- Regression Tests -->
