<?xml version="1.0" encoding="UTF-8"?>
<!-- Generated by org.testng.reporters.JUnitXMLReporter -->
<testsuite ignored="2" hostname="Udayasiri-2002" failures="1" tests="1" name="Smoke Tests" time="0.093" errors="0" timestamp="2025-08-20T15:38:55 IST">
  <testcase classname="MavenDay3.EcommerceTests" name="testTitle" time="0.014">
    <failure type="java.lang.NullPointerException" message="Cannot invoke &amp;quot;org.openqa.selenium.WebDriver.getTitle()&amp;quot; because &amp;quot;this.driver&amp;quot; is null">
      <![CDATA[java.lang.NullPointerException: Cannot invoke "org.openqa.selenium.WebDriver.getTitle()" because "this.driver" is null
at MavenDay3.EcommerceTests.testTitle(EcommerceTests.java:21)
at java.base/java.util.ArrayList.forEach(ArrayList.java:1596)
... Removed 25 stack frames]]>
    </failure>
  </testcase> <!-- testTitle -->
  <testcase classname="MavenDay3.EcommerceTests" name="testCart" time="0.0">
    <ignored/>
  </testcase> <!-- testCart -->
  <testcase classname="MavenDay3.EcommerceTests" name="testSearch" time="0.0">
    <ignored/>
  </testcase> <!-- testSearch -->
</testsuite> <!-- Smoke Tests -->
