<?xml version="1.0" encoding="UTF-8"?>
<!-- Generated by org.testng.reporters.JUnitXMLReporter -->
<testsuite ignored="0" hostname="Udayasiri-2002" failures="2" tests="2" name="Grouped Tests" time="0.105" errors="0" timestamp="2025-08-20T16:20:08 IST">
  <testcase classname="MavenDay3.Groupofgroups" name="testAmazonLogin" time="0.015">
    <failure type="java.lang.NullPointerException" message="Cannot invoke &amp;quot;org.openqa.selenium.WebDriver.get(String)&amp;quot; because &amp;quot;this.driver&amp;quot; is null">
      <![CDATA[java.lang.NullPointerException: Cannot invoke "org.openqa.selenium.WebDriver.get(String)" because "this.driver" is null
at MavenDay3.Groupofgroups.testAmazonLogin(Groupofgroups.java:41)
at java.base/java.util.ArrayList.forEach(ArrayList.java:1596)
... Removed 25 stack frames]]>
    </failure>
  </testcase> <!-- testAmazonLogin -->
  <testcase classname="MavenDay3.Groupofgroups" name="testAmazonSearchAndAddToCart" time="0.011">
    <failure type="java.lang.NullPointerException" message="Cannot invoke &amp;quot;org.openqa.selenium.WebDriver.findElement(org.openqa.selenium.By)&amp;quot; because &amp;quot;this.driver&amp;quot; is null">
      <![CDATA[java.lang.NullPointerException: Cannot invoke "org.openqa.selenium.WebDriver.findElement(org.openqa.selenium.By)" because "this.driver" is null
at MavenDay3.Groupofgroups.testAmazonSearchAndAddToCart(Groupofgroups.java:57)
at java.base/java.util.ArrayList.forEach(ArrayList.java:1596)
... Removed 25 stack frames]]>
    </failure>
  </testcase> <!-- testAmazonSearchAndAddToCart -->
</testsuite> <!-- Grouped Tests -->
