<?xml version="1.0" encoding="UTF-8"?>
<!-- Generated by org.testng.reporters.JUnitXMLReporter -->
<testsuite ignored="1" hostname="Udayasiri-2002" failures="1" tests="1" name="Smoke Tests" time="0.083" errors="0" timestamp="2025-08-20T15:21:17 IST">
  <testcase classname="MavenDay3.Ecom" name="testAmazonLogin" time="0.014">
    <failure type="java.lang.NullPointerException" message="Cannot invoke &amp;quot;org.openqa.selenium.WebDriver.get(String)&amp;quot; because &amp;quot;this.driver&amp;quot; is null">
      <![CDATA[java.lang.NullPointerException: Cannot invoke "org.openqa.selenium.WebDriver.get(String)" because "this.driver" is null
at MavenDay3.Ecom.testAmazonLogin(Ecom.java:41)
at java.base/java.util.ArrayList.forEach(ArrayList.java:1596)
... Removed 25 stack frames]]>
    </failure>
  </testcase> <!-- testAmazonLogin -->
  <testcase classname="MavenDay3.Ecom" name="testAmazonSearchAndAddToCart" time="0.0">
    <ignored/>
  </testcase> <!-- testAmazonSearchAndAddToCart -->
</testsuite> <!-- Smoke Tests -->
