<?xml version="1.0" encoding="UTF-8"?>
<!-- Generated by org.testng.reporters.JUnitXMLReporter -->
<testsuite ignored="2" hostname="Udayasiri-2002" failures="0" tests="2" name="Exclude Mac Tests" time="0.053" errors="0" timestamp="2025-08-20T17:24:02 IST">
  <testcase classname="MavenDay3.Exclude" name="testLinuxUpload" time="0.007"/>
  <testcase classname="MavenDay3.Exclude" name="testWindowsLogin" time="0.001"/>
  <testcase classname="MavenDay3.Exclude" name="testWindowsCheckout2" time="0.0">
    <ignored/>
  </testcase> <!-- testWindowsCheckout2 -->
  <testcase classname="MavenDay3.Exclude" name="testWindowsCheckout1" time="0.0">
    <ignored/>
  </testcase> <!-- testWindowsCheckout1 -->
</testsuite> <!-- Exclude Mac Tests -->
