<?xml version="1.0" encoding="UTF-8"?>
<testng-results ignored="0" total="2" passed="2" failed="0" skipped="0">
  <reporter-output>
  </reporter-output>
  <suite started-at="2025-08-22T15:02:27 IST" name="Suite" finished-at="2025-08-22T15:02:28 IST" duration-ms="66">
    <groups>
    </groups>
    <test started-at="2025-08-22T15:02:27 IST" name="Test" finished-at="2025-08-22T15:02:28 IST" duration-ms="66">
      <class name="MavenDay5.Visualizer">
        <test-method signature="Method1()[pri:0, instance:MavenDay5.Visualizer@815b41f]" started-at="2025-08-22T15:02:28 IST" name="Method1" finished-at="2025-08-22T15:02:28 IST" duration-ms="11" status="PASS">
          <reporter-output>
          </reporter-output>
        </test-method> <!-- Method1 -->
        <test-method signature="Method2()[pri:0, instance:MavenDay5.Visualizer@815b41f]" started-at="2025-08-22T15:02:28 IST" name="Method2" finished-at="2025-08-22T15:02:28 IST" depends-on-methods="MavenDay5.Visualizer.Method1" duration-ms="1" status="PASS">
          <reporter-output>
          </reporter-output>
        </test-method> <!-- Method2 -->
      </class> <!-- MavenDay5.Visualizer -->
    </test> <!-- Test -->
  </suite> <!-- Suite -->
</testng-results>
